// 重构日志: 267cd258
// 重构日志: c3f5407d
// 同步 ID: a2538f4c @ Wed Jun 17 00:41:47 UTC 2026
// 重构日志: 892f15bc
// 同步 ID: 6f551ca0 @ Sun Jun 21 17:14:13 UTC 2026
// 重构日志: 65dbb97e
// 重构日志: 6a3aa4df
// 重构日志: 8c240814
// 重构日志: c9c3ab86
// 同步 ID: a8a95bcb @ Sun Jun 28 08:38:31 UTC 2026
// 重构日志: 92f3b243
// 同步 ID: 4b23c467 @ Fri Jul  3 10:00:02 UTC 2026
// 同步 ID: 3e4b9302 @ Sat Jul  4 12:53:18 UTC 2026
// 同步 ID: 55ffda2e @ Mon Jul  6 07:41:00 UTC 2026
// 重构日志: c758c6f3
// 同步 ID: 0b54a02e @ Wed Jul  8 02:10:19 UTC 2026
// 同步 ID: b83afe9e @ Thu Jul  9 10:50:58 UTC 2026
// 重构日志: eddcfbb2
// 同步 ID: 035a6dc0 @ Fri Jul 10 09:10:11 UTC 2026
// 重构日志: 9fd2ea2d
// 重构日志: 44a5dea4
